Arguments: 
  C:\Program Files\nodejs\node.exe C:\Program Files\nodejs\node_modules\yarn\bin\yarn.js init

PATH: 
  C:\Users\cirin\bin;C:\Program Files\Git\mingw64\bin;C:\Program Files\Git\usr\local\bin;C:\Program Files\Git\usr\bin;C:\Program Files\Git\usr\bin;C:\Program Files\Git\cmd;C:\Python311\Scripts;C:\Python311;C:\Program Files\Oculus\Support\oculus-runtime;C:\Windows\system32;C:\Windows;C:\Windows\System32\Wbem;C:\Windows\System32\WindowsPowerShell\v1.0;C:\Windows\System32\OpenSSH;C:\Program Files (x86)\NVIDIA Corporation\PhysX\Common;C:\WINDOWS\system32;C:\WINDOWS;C:\WINDOWS\System32\Wbem;C:\WINDOWS\System32\WindowsPowerShell\v1.0;C:\WINDOWS\System32\OpenSSH;C:\Program Files\dotnet;C:\Program Files\NVIDIA Corporation\NVIDIA NvDLISR;C:\Program Files\Git\cmd;C:\ProgramData\chocolatey\bin;%NVM_HOME%;%NVM_SYMLINK%;C:\Users\cirin\AppData\Local\Microsoft\WindowsApps;C:\Users\cirin\AppData\Local\Programs\Microsoft VS Code\bin;C:\Users\cirin\AppData\Local\hyper\app-3.0.2\resources\bin;C:\Users\cirin\AppData\Roaming\nvm;C:\Program Files\nodejs;C:\Program Files\OpenSSL-Win64\bin;C:\Program Files\Git\usr\bin\vendor_perl;C:\Program Files\Git\usr\bin\core_perl

Yarn version: 
  1.22.19

Node version: 
  16.10.0

Platform: 
  win32 x64

Trace: 
  Error: canceled
      at Interface.<anonymous> (C:\Users\cirin\AppData\Roaming\nvm\v16.10.0\node_modules\yarn\lib\cli.js:137150:13)
      at Interface.emit (node:events:390:28)
      at Interface._ttyWrite (node:readline:1081:16)
      at ReadStream.onkeypress (node:readline:288:10)
      at ReadStream.emit (node:events:390:28)
      at emitKeys (node:internal/readline/utils:358:14)
      at emitKeys.next (<anonymous>)
      at ReadStream.onData (node:internal/readline/emitKeypressEvents:61:36)
      at ReadStream.emit (node:events:390:28)
      at addChunk (node:internal/streams/readable:315:12)

npm manifest: 
  {
    "scripts": {
      "start": "yarn install && vite --host"
    },
    "dependencies": {
      "@react-three/drei": "^9.88.2",
      "@react-three/fiber": "^8.14.5",
      "@react-three/rapier": "^1.2.1",
      "@vitejs/plugin-react": "^4.1.0",
      "react": "^18.2.0",
      "react-dom": "^18.2.0",
      "three": "^0.157.0",
      "vite-tsconfig-paths": "^4.2.1",
      "zustand": "^5.0.0-rc.2"
    },
    "devDependencies": {
      "@types/three": "^0.157.0",
      "eslint": "^8.47.0",
      "prettier": "^3.0.3",
      "vite": "^4.4.11"
    }
  }

yarn manifest: 
  No manifest

Lockfile: 
  No lockfile
